Transformer model
A/ADP través/NOUN de/ADP la/DET tarde/NOUN color/NOUN de/ADP oro/NOUN 
el/DET agua/NOUN nos/PRON lleva/VERB sin/ADP esfuerzo/NOUN por/ADP nuestra/DET parte/NOUN ,/PUNCT 
pues/SCONJ los/DET que/PRON empujan/VERB los/DET remos/NOUN 
son/AUX unos/DET brazos/NOUN infantiles/ADJ 
que/PRON intentan/VERB ,/PUNCT con/ADP sus/DET manitas/NOUN 
guiar/VERB el/DET curso/NOUN de/ADP nuestra/DET barca/NOUN ./PUNCT 

Pero/CCONJ ,/PUNCT ¡/PUNCT las/DET tres/NUM son/AUX muy/ADV crueles/ADJ !/PUNCT 
ya/ADV que/SCONJ sin/ADP fijarse/VERB en/ADP el/DET apacible/ADJ tiempo/NOUN 
ni/CCONJ en/ADP el/DET ensueño/NOUN de/ADP la/DET hora/NOUN presente/ADJ ,/PUNCT 
¡/PUNCT exigen/VERB una/DET historia/NOUN de/ADP una/DET voz/NOUN que/PRON apenas/ADV tiene/VERB aliento/NOUN ,/PUNCT 
tanto/ADV que/SCONJ ni/CCONJ a/ADP una/DET pluma/NOUN podría/AUX soplar/VERB !/PUNCT 
Mas/CCONJ ,/PUNCT ¿/PUNCT qué/PRON podría/AUX una/DET voz/NOUN tan/ADV débil/ADJ 
contra/ADP la/DET voluntad/NOUN de/ADP las/DET tres/NUM ?/PUNCT 

La/DET primera/ADJ ,/PUNCT imperiosamente/ADV ,/PUNCT dicta/VERB su/DET decreto/NOUN :/PUNCT 
"/PUNCT ¡/PUNCT Comience/VERB el/DET cuento/NOUN !/PUNCT "/PUNCT 
La/DET segunda/ADJ ,/PUNCT un/DET poco/ADV más/ADV amable/ADJ ,/PUNCT pide/VERB 
que/SCONJ el/DET cuento/NOUN no/ADV sea/AUX tonto/ADJ ,/PUNCT 
mientras/CCONJ que/SCONJ la/DET tercera/ADJ interrumpe/VERB la/DET historia/NOUN 
nada/PRON más/ADV que/SCONJ una/DET vez/NOUN por/ADP minuto/NOUN ./PUNCT 

Conseguido/VERB al/ADP fin/NOUN el/DET silencio/NOUN ,/PUNCT 
con/ADP la/DET imaginación/NOUN las/PRON lleva/VERB ,/PUNCT 
siguiendo/VERB a/ADP esa/DET niña/NOUN soñada/ADJ ,/PUNCT 
por/ADP un/DET mundo/NOUN nuevo/ADJ ,/PUNCT de/ADP hermosas/ADJ maravillas/NOUN 
en/ADP el/DET que/PRON hasta/ADV los/DET pájaros/NOUN y/CCONJ las/DET bestias/NOUN hablan/VERB 
con/ADP voz/NOUN humana/ADJ ,/PUNCT y/CCONJ ellas/PRON casi/ADV se/PRON creen/VERB estar/VERB allí/ADV ./PUNCT 

Y/CCONJ cada/DET vez/NOUN que/PRON el/DET narrador/NOUN intentaba/VERB ,/PUNCT 
seca/VERB ya/ADV la/DET fuente/NOUN de/ADP su/DET inspiración/NOUN 
dejar/VERB la/DET narración/NOUN para/ADP el/DET día/NOUN siguiente/ADJ ,/PUNCT 
y/CCONJ decía/VERB :/PUNCT "/PUNCT El/DET resto/NOUN para/ADP la/DET próxima/ADJ vez/NOUN "/PUNCT ,/PUNCT 
las/DET tres/NUM ,/PUNCT al/ADP tiempo/NOUN ,/PUNCT decían/VERB :/PUNCT "/PUNCT ¡/PUNCT Ya/ADV es/AUX la/DET próxima/ADJ vez/NOUN !/PUNCT "/PUNCT 

Y/CCONJ así/ADV fue/AUX surgiendo/VERB el/DET "/PUNCT País/PROPN de/ADP las/DET Maravillas/PROPN "/PUNCT ,/PUNCT 
poquito/PRON a/ADP poco/ADV ,/PUNCT y/CCONJ una/PRON a/ADP una/PRON ,/PUNCT 
el/DET mosaico/NOUN de/ADP sus/DET extrañas/ADJ aventuras/NOUN ./PUNCT 
Y/CCONJ ahora/ADV ,/PUNCT que/PRON el/DET relato/NOUN toca/VERB a/ADP su/DET fin/NOUN ,/PUNCT 
también/ADV el/DET timón/NOUN de/ADP la/DET barca/NOUN nos/PRON vuelve/VERB al/ADP hogar/NOUN ,/PUNCT 
¡/PUNCT una/DET alegre/ADJ tripulación/NOUN ,/PUNCT bajo/ADP el/DET sol/NOUN que/PRON ya/ADV se/PRON oculta/VERB !/PUNCT 

Alicia/PROPN ,/PUNCT para/ADP ti/PRON este/DET cuento/NOUN infantil/ADJ ./PUNCT 
Ponlo/VERB con/ADP tu/DET mano/NOUN pequeña/ADJ y/CCONJ amable/ADJ 
donde/PRON descansan/VERB los/DET cuentos/NOUN infantiles/ADJ ,/PUNCT 
entrelazados/ADJ ,/PUNCT como/ADP las/DET flores/NOUN ya/ADV marchitas/ADJ 
en/ADP la/DET guirnalda/NOUN de/ADP la/DET memoria/NOUN ./PUNCT 
Es/AUX la/DET ofrenda/NOUN de/ADP un/DET peregrino/NOUN 
que/PRON las/PRON recogió/VERB en/ADP países/NOUN lejanos/ADJ ./PUNCT 
