reduce corpus tags: True
0.9277819915483801 +_ 0.0036923324705724005
0.9299594502080152 +_ 0.003640506875859738
0.9211529171810423 +_ 0.0038442688915030936
0.9273566317536036 +_ 0.003702341318544389
0.9244005787515502 +_ 0.003770894795147067
0.9278014408161119 +_ 0.0036918739361478984
0.9290715698327009 +_ 0.003661759657284882
0.921240541404668 +_ 0.0038423149302202453
0.9235678869079017 +_ 0.0037898971261705722
0.9248977835162471 +_ 0.003759484710732333

reduce corpus tags: False
0.8945080576759966 +_ 0.00433750037528673 
0.8926615553121577 +_ 0.004370778692383592
0.8926740709098676 +_ 0.004370554508326363
0.8986251699652515 +_ 0.004261790642191759
0.896952937493478 +_ 0.004292797366131624 
0.8959489600082992 +_ 0.00431124397110353 
0.8936752856917163 +_ 0.004352559720341597
0.9014492753623189 +_ 0.004208606392419866
0.9026039058587881 +_ 0.004186558144107241
0.89975651453142 +_ 0.004240609986481951  

